# JRE version: OpenJDK Runtime Environment Temurin-21.0.11+10 (21.0.11+10) (build 21.0.11+10-LTS)
# Java VM: OpenJDK 64-Bit Server VM Temurin-21.0.11+10 (21.0.11+10-LTS, mixed mode, sharing, tiered, compressed oops, compressed class ptrs, parallel gc, windows-amd64)
GC Precious Log:
 CardTable entry size: 512
 CPUs: 12 total, 12 available
 Memory: 16091M
 Large Page Support: Disabled
 NUMA Support: Disabled
 Compressed Oops: Enabled (32-bit)
 Alignments: Space 512K, Generation 512K, Heap 2M
 Heap Min Capacity: 100M
 Heap Initial Capacity: 100M
 Heap Max Capacity: 2G
 Pre-touch: Disabled
 Parallel Workers: 10
Heap:
 PSYoungGen      total 13312K, used 8097K [0x00000000d5580000, 0x00000000d6800000, 0x0000000100000000)
  eden space 12288K, 62% used [0x00000000d5580000,0x00000000d5d087c0,0x00000000d6180000)
  from space 1024K, 37% used [0x00000000d6600000,0x00000000d6660020,0x00000000d6700000)
  to   space 512K, 0% used [0x00000000d6780000,0x00000000d6780000,0x00000000d6800000)
 ParOldGen       total 653312K, used 653182K [0x0000000080000000, 0x00000000a7e00000, 0x00000000d5580000)
  object space 653312K, 99% used [0x0000000080000000,0x00000000a7ddfad8,0x00000000a7e00000)
 Metaspace       used 81553K, committed 83328K, reserved 1179648K
  class space    used 8719K, committed 9536K, reserved 1048576K
GC Heap History (20 events):
Event: 105.740 GC heap before
{Heap before GC invocations=827 (full 3):
 PSYoungGen      total 14848K, used 14506K [0x00000000d5580000, 0x00000000d6880000, 0x0000000100000000)
  eden space 12288K, 100% used [0x00000000d5580000,0x00000000d6180000,0x00000000d6180000)
  from space 2560K, 86% used [0x00000000d6200000,0x00000000d642a8a8,0x00000000d6480000)
  to   space 3584K, 0% used [0x00000000d6500000,0x00000000d6500000,0x00000000d6880000)
 ParOldGen       total 612864K, used 612536K [0x0000000080000000, 0x00000000a5680000, 0x00000000d5580000)
  object space 612864K, 99% used [0x0000000080000000,0x00000000a562e3f8,0x00000000a5680000)
 Metaspace       used 77182K, committed 78912K, reserved 1179648K
  class space    used 8170K, committed 8960K, reserved 1048576K
}
Event: 105.742 GC heap after
{Heap after GC invocations=827 (full 3):
 PSYoungGen      total 13312K, used 896K [0x00000000d5580000, 0x00000000d6600000, 0x0000000100000000)
  eden space 12288K, 0% used [0x00000000d5580000,0x00000000d5580000,0x00000000d6180000)
  from space 1024K, 87% used [0x00000000d6500000,0x00000000d65e0020,0x00000000d6600000)
  to   space 2048K, 0% used [0x00000000d6200000,0x00000000d6200000,0x00000000d6400000)
 ParOldGen       total 613888K, used 613683K [0x0000000080000000, 0x00000000a5780000, 0x00000000d5580000)
  object space 613888K, 99% used [0x0000000080000000,0x00000000a574cd08,0x00000000a5780000)
 Metaspace       used 77182K, committed 78912K, reserved 1179648K
  class space    used 8170K, committed 8960K, reserved 1048576K
}
Event: 111.070 GC heap before
{Heap before GC invocations=828 (full 3):
 PSYoungGen      total 13312K, used 13184K [0x00000000d5580000, 0x00000000d6600000, 0x0000000100000000)
  eden space 12288K, 100% used [0x00000000d5580000,0x00000000d6180000,0x00000000d6180000)
  from space 1024K, 87% used [0x00000000d6500000,0x00000000d65e0020,0x00000000d6600000)
  to   space 2048K, 0% used [0x00000000d6200000,0x00000000d6200000,0x00000000d6400000)
 ParOldGen       total 613888K, used 613683K [0x0000000080000000, 0x00000000a5780000, 0x00000000d5580000)
  object space 613888K, 99% used [0x0000000080000000,0x00000000a574cd08,0x00000000a5780000)
 Metaspace       used 77443K, committed 79168K, reserved 1179648K
  class space    used 8199K, committed 8960K, reserved 1048576K
}
Event: 111.073 GC heap after
{Heap after GC invocations=828 (full 3):
 PSYoungGen      total 14336K, used 672K [0x00000000d5580000, 0x00000000d6580000, 0x0000000100000000)
  eden space 12288K, 0% used [0x00000000d5580000,0x00000000d5580000,0x00000000d6180000)
  from space 2048K, 32% used [0x00000000d6200000,0x00000000d62a8000,0x00000000d6400000)
  to   space 1024K, 0% used [0x00000000d6480000,0x00000000d6480000,0x00000000d6580000)
 ParOldGen       total 614400K, used 614330K [0x0000000080000000, 0x00000000a5800000, 0x00000000d5580000)
  object space 614400K, 99% used [0x0000000080000000,0x00000000a57eeb20,0x00000000a5800000)
 Metaspace       used 77443K, committed 79168K, reserved 1179648K
  class space    used 8199K, committed 8960K, reserved 1048576K
}
Event: 113.399 GC heap before
{Heap before GC invocations=829 (full 3):
 PSYoungGen      total 14336K, used 12960K [0x00000000d5580000, 0x00000000d6580000, 0x0000000100000000)
  eden space 12288K, 100% used [0x00000000d5580000,0x00000000d6180000,0x00000000d6180000)
  from space 2048K, 32% used [0x00000000d6200000,0x00000000d62a8000,0x00000000d6400000)
  to   space 1024K, 0% used [0x00000000d6480000,0x00000000d6480000,0x00000000d6580000)
 ParOldGen       total 614400K, used 614330K [0x0000000080000000, 0x00000000a5800000, 0x00000000d5580000)
  object space 614400K, 99% used [0x0000000080000000,0x00000000a57eeb20,0x00000000a5800000)
 Metaspace       used 77511K, committed 79232K, reserved 1179648K
  class space    used 8203K, committed 8960K, reserved 1048576K
}
Event: 113.401 GC heap after
{Heap after GC invocations=829 (full 3):
 PSYoungGen      total 13312K, used 998K [0x00000000d5580000, 0x00000000d6780000, 0x0000000100000000)
  eden space 12288K, 0% used [0x00000000d5580000,0x00000000d5580000,0x00000000d6180000)
  from space 1024K, 97% used [0x00000000d6480000,0x00000000d6579ba0,0x00000000d6580000)
  to   space 3072K, 0% used [0x00000000d6180000,0x00000000d6180000,0x00000000d6480000)
 ParOldGen       total 615936K, used 615862K [0x0000000080000000, 0x00000000a5980000, 0x00000000d5580000)
  object space 615936K, 99% used [0x0000000080000000,0x00000000a596d960,0x00000000a5980000)
 Metaspace       used 77511K, committed 79232K, reserved 1179648K
  class space    used 8203K, committed 8960K, reserved 1048576K
}
Event: 117.048 GC heap before
{Heap before GC invocations=830 (full 3):
 PSYoungGen      total 13312K, used 13286K [0x00000000d5580000, 0x00000000d6780000, 0x0000000100000000)
  eden space 12288K, 100% used [0x00000000d5580000,0x00000000d6180000,0x00000000d6180000)
  from space 1024K, 97% used [0x00000000d6480000,0x00000000d6579ba0,0x00000000d6580000)
  to   space 3072K, 0% used [0x00000000d6180000,0x00000000d6180000,0x00000000d6480000)
 ParOldGen       total 615936K, used 615862K [0x0000000080000000, 0x00000000a5980000, 0x00000000d5580000)
  object space 615936K, 99% used [0x0000000080000000,0x00000000a596d960,0x00000000a5980000)
 Metaspace       used 77590K, committed 79232K, reserved 1179648K
  class space    used 8204K, committed 8960K, reserved 1048576K
}
Event: 117.049 GC heap after
{Heap after GC invocations=830 (full 3):
 PSYoungGen      total 14336K, used 1773K [0x00000000d5580000, 0x00000000d6580000, 0x0000000100000000)
  eden space 12288K, 0% used [0x00000000d5580000,0x00000000d5580000,0x00000000d6180000)
  from space 2048K, 86% used [0x00000000d6180000,0x00000000d633b5d0,0x00000000d6380000)
  to   space 2048K, 0% used [0x00000000d6380000,0x00000000d6380000,0x00000000d6580000)
 ParOldGen       total 616448K, used 615974K [0x0000000080000000, 0x00000000a5a00000, 0x00000000d5580000)
  object space 616448K, 99% used [0x0000000080000000,0x00000000a5989970,0x00000000a5a00000)
 Metaspace       used 77590K, committed 79232K, reserved 1179648K
  class space    used 8204K, committed 8960K, reserved 1048576K
}
Event: 117.090 GC heap before
{Heap before GC invocations=831 (full 3):
 PSYoungGen      total 14336K, used 14061K [0x00000000d5580000, 0x00000000d6580000, 0x0000000100000000)
  eden space 12288K, 100% used [0x00000000d5580000,0x00000000d6180000,0x00000000d6180000)
  from space 2048K, 86% used [0x00000000d6180000,0x00000000d633b5d0,0x00000000d6380000)
  to   space 2048K, 0% used [0x00000000d6380000,0x00000000d6380000,0x00000000d6580000)
 ParOldGen       total 616448K, used 615974K [0x0000000080000000, 0x00000000a5a00000, 0x00000000d5580000)
  object space 616448K, 99% used [0x0000000080000000,0x00000000a5989970,0x00000000a5a00000)
 Metaspace       used 77601K, committed 79296K, reserved 1179648K
  class space    used 8204K, committed 8960K, reserved 1048576K
}
Event: 117.091 GC heap after
{Heap after GC invocations=831 (full 3):
 PSYoungGen      total 14336K, used 1430K [0x00000000d5580000, 0x00000000d6580000, 0x0000000100000000)
  eden space 12288K, 0% used [0x00000000d5580000,0x00000000d5580000,0x00000000d6180000)
  from space 2048K, 69% used [0x00000000d6380000,0x00000000d64e5bb0,0x00000000d6580000)
  to   space 2048K, 0% used [0x00000000d6180000,0x00000000d6180000,0x00000000d6380000)
 ParOldGen       total 616448K, used 616136K [0x0000000080000000, 0x00000000a5a00000, 0x00000000d5580000)
  object space 616448K, 99% used [0x0000000080000000,0x00000000a59b2280,0x00000000a5a00000)
 Metaspace       used 77601K, committed 79296K, reserved 1179648K
  class space    used 8204K, committed 8960K, reserved 1048576K
}
Event: 117.467 GC heap before
{Heap before GC invocations=832 (full 3):
 PSYoungGen      total 14336K, used 13718K [0x00000000d5580000, 0x00000000d6580000, 0x0000000100000000)
  eden space 12288K, 100% used [0x00000000d5580000,0x00000000d6180000,0x00000000d6180000)
  from space 2048K, 69% used [0x00000000d6380000,0x00000000d64e5bb0,0x00000000d6580000)
  to   space 2048K, 0% used [0x00000000d6180000,0x00000000d6180000,0x00000000d6380000)
 ParOldGen       total 648192K, used 646856K [0x0000000080000000, 0x00000000a7900000, 0x00000000d5580000)
  object space 648192K, 99% used [0x0000000080000000,0x00000000a77b22b0,0x00000000a7900000)
 Metaspace       used 77702K, committed 79360K, reserved 1179648K
  class space    used 8214K, committed 8960K, reserved 1048576K
}
Event: 117.471 GC heap after
{Heap after GC invocations=832 (full 3):
 PSYoungGen      total 14336K, used 2032K [0x00000000d5580000, 0x00000000d6e80000, 0x0000000100000000)
  eden space 12288K, 0% used [0x00000000d5580000,0x00000000d5580000,0x00000000d6180000)
  from space 2048K, 99% used [0x00000000d6180000,0x00000000d637c010,0x00000000d6380000)
  to   space 6656K, 0% used [0x00000000d6800000,0x00000000d6800000,0x00000000d6e80000)
 ParOldGen       total 650752K, used 650330K [0x0000000080000000, 0x00000000a7b80000, 0x00000000d5580000)
  object space 650752K, 99% used [0x0000000080000000,0x00000000a7b16bc0,0x00000000a7b80000)
 Metaspace       used 77702K, committed 79360K, reserved 1179648K
  class space    used 8214K, committed 8960K, reserved 1048576K
}
Event: 142.393 GC heap before
{Heap before GC invocations=833 (full 3):
 PSYoungGen      total 14336K, used 14304K [0x00000000d5580000, 0x00000000d6e80000, 0x0000000100000000)
  eden space 12288K, 99% used [0x00000000d5580000,0x00000000d617c1a8,0x00000000d6180000)
  from space 2048K, 99% used [0x00000000d6180000,0x00000000d637c010,0x00000000d6380000)
  to   space 6656K, 0% used [0x00000000d6800000,0x00000000d6800000,0x00000000d6e80000)
 ParOldGen       total 650752K, used 650330K [0x0000000080000000, 0x00000000a7b80000, 0x00000000d5580000)
  object space 650752K, 99% used [0x0000000080000000,0x00000000a7b16bc0,0x00000000a7b80000)
 Metaspace       used 78400K, committed 80128K, reserved 1179648K
  class space    used 8285K, committed 9024K, reserved 1048576K
}
Event: 142.395 GC heap after
{Heap after GC invocations=833 (full 3):
 PSYoungGen      total 12800K, used 412K [0x00000000d5580000, 0x00000000d6880000, 0x0000000100000000)
  eden space 12288K, 0% used [0x00000000d5580000,0x00000000d5580000,0x00000000d6180000)
  from space 512K, 80% used [0x00000000d6800000,0x00000000d6867018,0x00000000d6880000)
  to   space 2560K, 0% used [0x00000000d6380000,0x00000000d6380000,0x00000000d6600000)
 ParOldGen       total 652800K, used 652317K [0x0000000080000000, 0x00000000a7d80000, 0x00000000d5580000)
  object space 652800K, 99% used [0x0000000080000000,0x00000000a7d074d0,0x00000000a7d80000)
 Metaspace       used 78400K, committed 80128K, reserved 1179648K
  class space    used 8285K, committed 9024K, reserved 1048576K
}
Event: 142.605 GC heap before
{Heap before GC invocations=834 (full 3):
 PSYoungGen      total 12800K, used 12700K [0x00000000d5580000, 0x00000000d6880000, 0x0000000100000000)
  eden space 12288K, 100% used [0x00000000d5580000,0x00000000d6180000,0x00000000d6180000)
  from space 512K, 80% used [0x00000000d6800000,0x00000000d6867018,0x00000000d6880000)
  to   space 2560K, 0% used [0x00000000d6380000,0x00000000d6380000,0x00000000d6600000)
 ParOldGen       total 652800K, used 652317K [0x0000000080000000, 0x00000000a7d80000, 0x00000000d5580000)
  object space 652800K, 99% used [0x0000000080000000,0x00000000a7d074d0,0x00000000a7d80000)
 Metaspace       used 79853K, committed 81536K, reserved 1179648K
  class space    used 8480K, committed 9216K, reserved 1048576K
}
Event: 142.608 GC heap after
{Heap after GC invocations=834 (full 3):
 PSYoungGen      total 14848K, used 513K [0x00000000d5580000, 0x00000000d6880000, 0x0000000100000000)
  eden space 12288K, 0% used [0x00000000d5580000,0x00000000d5580000,0x00000000d6180000)
  from space 2560K, 20% used [0x00000000d6380000,0x00000000d64005d8,0x00000000d6600000)
  to   space 1024K, 0% used [0x00000000d6780000,0x00000000d6780000,0x00000000d6880000)
 ParOldGen       total 652800K, used 652533K [0x0000000080000000, 0x00000000a7d80000, 0x00000000d5580000)
  object space 652800K, 99% used [0x0000000080000000,0x00000000a7d3d4e0,0x00000000a7d80000)
 Metaspace       used 79853K, committed 81536K, reserved 1179648K
  class space    used 8480K, committed 9216K, reserved 1048576K
}
Event: 145.711 GC heap before
{Heap before GC invocations=835 (full 3):
 PSYoungGen      total 14848K, used 12801K [0x00000000d5580000, 0x00000000d6880000, 0x0000000100000000)
  eden space 12288K, 100% used [0x00000000d5580000,0x00000000d6180000,0x00000000d6180000)
  from space 2560K, 20% used [0x00000000d6380000,0x00000000d64005d8,0x00000000d6600000)
  to   space 1024K, 0% used [0x00000000d6780000,0x00000000d6780000,0x00000000d6880000)
 ParOldGen       total 652800K, used 652533K [0x0000000080000000, 0x00000000a7d80000, 0x00000000d5580000)
  object space 652800K, 99% used [0x0000000080000000,0x00000000a7d3d4e0,0x00000000a7d80000)
 Metaspace       used 81137K, committed 82944K, reserved 1179648K
  class space    used 8673K, committed 9472K, reserved 1048576K
}
Event: 145.712 GC heap after
{Heap after GC invocations=835 (full 3):
 PSYoungGen      total 12800K, used 480K [0x00000000d5580000, 0x00000000d6800000, 0x0000000100000000)
  eden space 12288K, 0% used [0x00000000d5580000,0x00000000d5580000,0x00000000d6180000)
  from space 512K, 93% used [0x00000000d6780000,0x00000000d67f8000,0x00000000d6800000)
  to   space 1024K, 0% used [0x00000000d6600000,0x00000000d6600000,0x00000000d6700000)
 ParOldGen       total 653312K, used 652862K [0x0000000080000000, 0x00000000a7e00000, 0x00000000d5580000)
  object space 653312K, 99% used [0x0000000080000000,0x00000000a7d8fad8,0x00000000a7e00000)
 Metaspace       used 81137K, committed 82944K, reserved 1179648K
  class space    used 8673K, committed 9472K, reserved 1048576K
}
Event: 11378.117 GC heap before
{Heap before GC invocations=836 (full 3):
 PSYoungGen      total 12800K, used 12768K [0x00000000d5580000, 0x00000000d6800000, 0x0000000100000000)
  eden space 12288K, 100% used [0x00000000d5580000,0x00000000d6180000,0x00000000d6180000)
  from space 512K, 93% used [0x00000000d6780000,0x00000000d67f8000,0x00000000d6800000)
  to   space 1024K, 0% used [0x00000000d6600000,0x00000000d6600000,0x00000000d6700000)
 ParOldGen       total 653312K, used 652862K [0x0000000080000000, 0x00000000a7e00000, 0x00000000d5580000)
  object space 653312K, 99% used [0x0000000080000000,0x00000000a7d8fad8,0x00000000a7e00000)
 Metaspace       used 81338K, committed 83072K, reserved 1179648K
  class space    used 8686K, committed 9472K, reserved 1048576K
}
Event: 11378.450 GC heap after
{Heap after GC invocations=836 (full 3):
 PSYoungGen      total 13312K, used 384K [0x00000000d5580000, 0x00000000d6800000, 0x0000000100000000)
  eden space 12288K, 0% used [0x00000000d5580000,0x00000000d5580000,0x00000000d6180000)
  from space 1024K, 37% used [0x00000000d6600000,0x00000000d6660020,0x00000000d6700000)
  to   space 512K, 0% used [0x00000000d6780000,0x00000000d6780000,0x00000000d6800000)
 ParOldGen       total 653312K, used 653182K [0x0000000080000000, 0x00000000a7e00000, 0x00000000d5580000)
  object space 653312K, 99% used [0x0000000080000000,0x00000000a7ddfad8,0x00000000a7e00000)
 Metaspace       used 81338K, committed 83072K, reserved 1179648K
  class space    used 8686K, committed 9472K, reserved 1048576K
}

